<?xml version="1.0" encoding="UTF-8"?>
<!-- Generated by org.testng.reporters.JUnitReportReporter -->
<testsuite hostname="LAPTOP-2E7FAUHQ" failures="0" tests="1" name="prac1.LauchBrowser" time="12.073" errors="0" timestamp="2025-07-11T12:49:46 IST" skipped="0">
  <testcase classname="prac1.LauchBrowser" name="runThroughBrowser" time="12.073"/>
</testsuite> <!-- prac1.LauchBrowser -->
